<?xml version="1.0" encoding="UTF-8"?>
<testng-results ignored="0" total="1" passed="1" failed="0" skipped="0">
  <reporter-output>
  </reporter-output>
  <suite started-at="2021-10-16T17:14:40 IST" name="Suite" finished-at="2021-10-16T17:14:43 IST" duration-ms="2992">
    <groups>
    </groups>
    <test started-at="2021-10-16T17:14:40 IST" name="Test" finished-at="2021-10-16T17:14:43 IST" duration-ms="2992">
      <class name="tests.testcases">
        <test-method signature="validAllUseremails()[pri:0, instance:tests.testcases@1f3f4916]" started-at="2021-10-16T17:14:40 IST" name="validAllUseremails" finished-at="2021-10-16T17:14:43 IST" duration-ms="2961" status="PASS">
          <reporter-output>
          </reporter-output>
        </test-method> <!-- validAllUseremails -->
      </class> <!-- tests.testcases -->
    </test> <!-- Test -->
  </suite> <!-- Suite -->
</testng-results>
